[debug] [2025-04-02T19:21:25.830Z] ----------------------------------------------------------------------
[debug] [2025-04-02T19:21:25.831Z] Command:       /usr/local/bin/node /Users/kirill/.npm-global/bin/firebase deploy
[debug] [2025-04-02T19:21:25.831Z] CLI Version:   14.0.1
[debug] [2025-04-02T19:21:25.831Z] Platform:      darwin
[debug] [2025-04-02T19:21:25.831Z] Node Version:  v22.14.0
[debug] [2025-04-02T19:21:25.831Z] Time:          Wed Apr 02 2025 23:21:25 GMT+0400 (Самарское стандартное время)
[debug] [2025-04-02T19:21:25.831Z] ----------------------------------------------------------------------
[debug] 
[debug] [2025-04-02T19:21:25.910Z] > command requires scopes: ["email","openid","https://www.googleapis.com/auth/cloudplatformprojects.readonly","https://www.googleapis.com/auth/firebase","https://www.googleapis.com/auth/cloud-platform"]
[debug] [2025-04-02T19:21:25.910Z] > authorizing via signed-in user (kirillkoskov437@gmail.com)
[debug] [2025-04-02T19:21:25.910Z] [iam] checking project macaronshop-aea3f for permissions ["firebase.projects.get","firebasehosting.sites.update"]
[debug] [2025-04-02T19:21:25.910Z] Checked if tokens are valid: false, expires at: 1743542960223
[debug] [2025-04-02T19:21:25.910Z] Checked if tokens are valid: false, expires at: 1743542960223
[debug] [2025-04-02T19:21:25.911Z] > refreshing access token with scopes: []
[debug] [2025-04-02T19:21:25.911Z] >>> [apiv2][query] POST https://www.googleapis.com/oauth2/v3/token [none]
[debug] [2025-04-02T19:21:25.911Z] >>> [apiv2][body] POST https://www.googleapis.com/oauth2/v3/token [omitted]
[debug] [2025-04-02T19:21:26.234Z] <<< [apiv2][status] POST https://www.googleapis.com/oauth2/v3/token 200
[debug] [2025-04-02T19:21:26.234Z] <<< [apiv2][body] POST https://www.googleapis.com/oauth2/v3/token [omitted]
[debug] [2025-04-02T19:21:26.249Z] >>> [apiv2][query] POST https://cloudresourcemanager.googleapis.com/v1/projects/macaronshop-aea3f:testIamPermissions [none]
[debug] [2025-04-02T19:21:26.249Z] >>> [apiv2][(partial)header] POST https://cloudresourcemanager.googleapis.com/v1/projects/macaronshop-aea3f:testIamPermissions x-goog-quota-user=projects/macaronshop-aea3f
[debug] [2025-04-02T19:21:26.249Z] >>> [apiv2][body] POST https://cloudresourcemanager.googleapis.com/v1/projects/macaronshop-aea3f:testIamPermissions {"permissions":["firebase.projects.get","firebasehosting.sites.update"]}
[debug] [2025-04-02T19:21:26.724Z] <<< [apiv2][status] POST https://cloudresourcemanager.googleapis.com/v1/projects/macaronshop-aea3f:testIamPermissions 200
[debug] [2025-04-02T19:21:26.725Z] <<< [apiv2][body] POST https://cloudresourcemanager.googleapis.com/v1/projects/macaronshop-aea3f:testIamPermissions {"permissions":["firebase.projects.get","firebasehosting.sites.update"]}
[debug] [2025-04-02T19:21:26.725Z] Checked if tokens are valid: true, expires at: 1743625285234
[debug] [2025-04-02T19:21:26.725Z] Checked if tokens are valid: true, expires at: 1743625285234
[debug] [2025-04-02T19:21:26.726Z] >>> [apiv2][query] GET https://firebase.googleapis.com/v1beta1/projects/macaronshop-aea3f [none]
[debug] [2025-04-02T19:21:27.238Z] <<< [apiv2][status] GET https://firebase.googleapis.com/v1beta1/projects/macaronshop-aea3f 200
[debug] [2025-04-02T19:21:27.239Z] <<< [apiv2][body] GET https://firebase.googleapis.com/v1beta1/projects/macaronshop-aea3f {"projectId":"macaronshop-aea3f","projectNumber":"818877786084","displayName":"macaronshop","name":"projects/macaronshop-aea3f","resources":{"hostingSite":"macaronshop-aea3f","realtimeDatabaseInstance":"macaronshop-aea3f-default-rtdb"},"state":"ACTIVE","etag":"1_f1a600b9-e75e-400f-9f1f-7e0daf012baa"}
[info] 
[info] === Deploying to 'macaronshop-aea3f'...
[info] 
[info] i  deploying hosting 
[debug] [2025-04-02T19:21:27.247Z] Checked if tokens are valid: true, expires at: 1743625285234
[debug] [2025-04-02T19:21:27.247Z] Checked if tokens are valid: true, expires at: 1743625285234
[debug] [2025-04-02T19:21:27.247Z] >>> [apiv2][query] POST https://firebasehosting.googleapis.com/v1beta1/projects/-/sites/macaronshop-aea3f/versions [none]
[debug] [2025-04-02T19:21:27.247Z] >>> [apiv2][body] POST https://firebasehosting.googleapis.com/v1beta1/projects/-/sites/macaronshop-aea3f/versions {"status":"CREATED","labels":{"deployment-tool":"cli-firebase"}}
[debug] [2025-04-02T19:21:28.652Z] <<< [apiv2][status] POST https://firebasehosting.googleapis.com/v1beta1/projects/-/sites/macaronshop-aea3f/versions 200
[debug] [2025-04-02T19:21:28.652Z] <<< [apiv2][body] POST https://firebasehosting.googleapis.com/v1beta1/projects/-/sites/macaronshop-aea3f/versions {"name":"projects/818877786084/sites/macaronshop-aea3f/versions/b4dab29d7821ef7d","status":"CREATED","config":{},"labels":{"deployment-tool":"cli-firebase"}}
[info] i  hosting[macaronshop-aea3f]: beginning deploy... 
[info] i  hosting[macaronshop-aea3f]: found 194 files in dist 
[debug] [2025-04-02T19:21:28.675Z] [hosting] uploading with 200 concurrency
[debug] [2025-04-02T19:21:28.926Z] Checked if tokens are valid: true, expires at: 1743625285234
[debug] [2025-04-02T19:21:28.926Z] Checked if tokens are valid: true, expires at: 1743625285234
[debug] [2025-04-02T19:21:28.927Z] [hosting] hash cache [ZGlzdA] stored for 194 files
[debug] [2025-04-02T19:21:28.927Z] [hosting][hash queue][FINAL] {"max":249,"min":7,"avg":30.046391752577325,"active":0,"complete":194,"success":194,"errored":0,"retried":0,"total":194,"elapsed":251}
[debug] [2025-04-02T19:21:28.927Z] >>> [apiv2][query] POST https://firebasehosting.googleapis.com/v1beta1/projects/818877786084/sites/macaronshop-aea3f/versions/b4dab29d7821ef7d:populateFiles [none]
[debug] [2025-04-02T19:21:28.927Z] >>> [apiv2][body] POST https://firebasehosting.googleapis.com/v1beta1/projects/818877786084/sites/macaronshop-aea3f/versions/b4dab29d7821ef7d:populateFiles {"files":{"/index.html":"551d557e0bbfb1aa8bbd2c90e6b0e7d47430abbd11a96e043e99688bb65786d6","/favicon.ico":"7a1a72943a1b2d7ed41d75574715a454ac9bfb21b636100c59ccd713ca3e86e1","/img/5.247e2dc8.png":"954dda8bd6e643617370e46263cefc87478bd6524b4e213f49b69728be5879e2","/img/photo_4Combo.2de7b80b.jpeg":"e192beeb51a8314b31857eaa3dbc63fac745c24ca1e727fb7b10cfec2b306852","/img/photo_2.5ecc1a80.jpeg":"e0918e99d19395b228ee0e3dbfacdf5d2657ca545761d0a712434e08924bf7f9","/img/photo_1Combo.60dbf5c4.jpeg":"e86d7d01da13a572efc0f6db8d2138669d86dda9da3c1c84e04565d301c3e411","/img/photo_1.8434d716.jpeg":"a6aece04cc1be7f04362e701969469bdc5e4b0ab3c0cf15be96fd86a5835fd56","/img/8.5a337b28.png":"c6b4e5e110cd7c89515af100acade4f48bec4ded16277620b272ccfa64daf9c1","/img/photo_1.5284a09e.jpeg":"d2e5ab0f4d44f7d93ecf309cbea471bd1f93ee0e8409ff1654ca0250390d2601","/img/5.29039a79.png":"633be51165d19baf5fd599c8f68c48e8bccf9408d59e816f9d0c3c3c8ca8434b","/img/icomoon.cdcb6cd2.svg":"4c4a1ede4926733e3e1d236c6bcb74d26537fdd9d65b0793cea99ccf4ca247bf","/img/7.5a337b28.png":"c6b4e5e110cd7c89515af100acade4f48bec4ded16277620b272ccfa64daf9c1","/img/3.d6b1ed63.png":"d1a32c2ad6edba244ef0739caf58583262ca1dac52cea757a77bff46b8a4b848","/img/photo_4.e1dac8f8.jpeg":"0f347d33f6cde6917a5ea978b2107615b3c49893c9afd88bda8d8027654271e3","/img/photo_4giftSets.a63b8415.png":"40c5a24af6a76de4d7cf77aece3aa69f4247492bb1e32f1717d565e9693681ed","/img/photo_3Combo.b6d46709.jpeg":"21633b2bf995b62f1211027d09c5a742bb7495d1cf3db2538275a02d07f976c6","/img/photo_3.facaed47.jpeg":"3ac2e7f8c0f9f3a90c314750d7abfc98d21c73e5d46294258f85ddddf4ab00b6","/img/photo_4.23f61865.jpeg":"4f077eb05a022ae1ea865b1b962997e669ad1379a05f84763ecbc01fff7cef63","/img/photo_3.a6616863.jpeg":"7caef47abef806111d36839e2c6daa84260560254dca0ca90715575efa206617","/img/photo_3.ddb21225.jpeg":"668062a00ebe7e101830d28ae40208fa0dc0cb7d30849872272adfaaef9d2e24","/img/photo_2Combo.d124f214.jpeg":"d5dea3bb17b43aa1fb1cb0e03f07cc0f7677b410ace7884a76980c5ebab0771e","/img/photo_2giftSets.f198b713.png":"5cd02786cd9b0d7c3d482e8d16561e5b01b5c3a99e858c65bed515595b667f27","/img/photo_2.671daa54.jpeg":"e9a257e11c7a6b4005dca927a5f21d60bb72462d99f656e2e48183e184ed5820","/img/photo_2.02f71257.jpeg":"55a979c0199d3c2ee54f2de0fc847a33c1363cf7c17db13e8f16901e38584a3c","/img/photo_1giftSets.ad4ca128.png":"cedf99aa0578ead5f530657bf371668973d1e73a1026322bea8e6aaced110820","/img/photo_2.93592379.jpeg":"66f32160d3a0462ca1168d551163ac0de754561c5262c12be1ae3a1c3dbde753","/img/photo_1.e7c05fc7.jpeg":"3fb75d512c26da026f289f3f4423d4d325697750a97c7c909a2b3637b558b5fe","/img/photo_1.643f73c0.jpeg":"e4557f75be13e87e992bfd6b61ae5be57b9fe171351ba9cbaab9e996dd769684","/img/6.ed2c609c.png":"a52bb7bef2ab1cac7a81bff7615f8d51ba231e5facda08325c39c4a73c014bd3","/img/6.e7beff2e.png":"6a66c5781c2bc76738a8d789aad01ff8572f55a334533d6ad767e44391a8a1a4","/img/3.56a05962.png":"21f41a5ff390e60b832bce8d3f69d4a2e647d38fc6e4a7ca4316778c153a161e","/img/3.edc6fbc0.png":"efae6f17238bc5d98ca4fa50a6c804d6281af368aedb3579f15300412691500a","/img/4.55dc27f5.png":"3364573fa11e6c80fb61b85fe0ff288945e56aeea873492d34a7eb203ec5867e","/img/photo_3.4fc03caf.jpeg":"447c2f19bf4e813aa2dd5f5b1debf380d01fca33d91549cd9bfeea599fe36b30","/img/3.c213c227.png":"a7c1348662e95430b4602bbc6f4c24ebf7b82b862ae811b6afbca7b4ebeacd39","/img/photo_5Sets.5d5eed78.jpeg":"c92642d72f7ab333a73232164e61f2dcba7e94ae172491494e7ba48455add34f","/img/photo_6Sets.8ba843b1.jpeg":"7de571f200f6669e2ce0fabcd98b0d11b7cec3272c9ab64c7907e7d0d927451e","/img/2.86e7650e.png":"c0a627a0aadb3067e5764476b5ff0adf2ac65da5ec972d5255ca6f186fcf8a4c","/img/photo_3giftSets.9656bfc3.png":"9c6c13cd0184d85ebad6e5672d62c5b71fc6d2202999de8d022bc2f1f13ef8e6","/img/photo_2Sets.5234fdc1.jpeg":"01554fbe2699b8da702edfbff7403e12475c82177c037c42170de965b9969414","/img/photo_3Sets.c92731ea.jpeg":"f61cd77b03e4b9b992a027554fcf90caccf72996cd6220e903f58ea3a1813722","/img/photo_1Sets.4efb6998.jpeg":"51572304310ef6eddb4037c2dcde85de9638203ed225a819ec8ca84dac9becb4","/js/app.2e5668ed.js":"b5688a1647158ee0f82c59f2852f918d1fd0e656c720c6d5b89a7e8abfd3db9d","/img/1.51192756.png":"ba67b2c7b9d35a14736d228edeb6d8dec825ec74671e05a696bc0963ce25901f","/img/4.7a27d96a.png":"10483d797d7fdf3c272df7ca057defd76e288c21ae03c4e46e2a6f178ee2aee8","/img/wholesaleSupplies/2/1.png":"8868838a902c786022806deab69bc9aa1068aa61640a91ea99bdf1501501eb90","/img/4.673a1b07.png":"8044bbca9aecfdbb3cbcba3d74795d042344aafa2cc4cd9de06b00ec0f6da96d","/img/photo_4Sets.5ac171fe.jpeg":"f080cd54e7b5f6f6cbac00f20dd8d6ad8b7f4eac1a6ca197bad9c8d2ebcf4d23","/img/wedding/1/4.png":"bb421b2ab3436fcd22652c92dfcae0dc09de94a44d2b3e3711ad16e8a46f4903","/img/wedding/1/3.png":"21f41a5ff390e60b832bce8d3f69d4a2e647d38fc6e4a7ca4316778c153a161e","/img/wedding/1/2.png":"c0a627a0aadb3067e5764476b5ff0adf2ac65da5ec972d5255ca6f186fcf8a4c","/img/logo/cap.png":"e386ad2808c977048ba3217c91871765ba98dfd666601c6e114a35f29a351b94","/img/logo/VectorRight.png":"1c9575ee86c26b2666f832d40673a6556aa1c9b280c1ba46afc36cdc59d4aa8d","/img/logo/VectorLeft.png":"7186118c834e9b63a1ce3745233078c3fd6e761a77f3e2a259588dfe61f5422a","/img/logo/сладости-Дизигн/Vector.svg":"03ea9fd28513a536804fc755296819a99e0e08b34e750be1e4a85ed8a1154753","/img/logo/LogoName.png":"2629151a82fb5f31f84862d1d07073bb6a7e8a413ff16376ee89c558668ddfb8","/img/logo/сладости-Дизигн/Vector-2.svg":"1693e178b36ad2ff8cc4b197d2825201a8879af33c212d7a9740641774c41493","/img/5.92efefbc.png":"e77722c392416ce14fb7a074cbfea7acb48855cca4540f36550f1090d2c7cd84","/img/logo/сладости-Дизигн/Vector-1.svg":"7422a20c1039af2921cd0eeb633de2709741e6010adec89288717b80319d5e76","/img/wedding/1/7.png":"c6b4e5e110cd7c89515af100acade4f48bec4ded16277620b272ccfa64daf9c1","/img/wedding/1/8.png":"c6b4e5e110cd7c89515af100acade4f48bec4ded16277620b272ccfa64daf9c1","/img/2.2d6c3d0b.png":"dd7357455aeb88d833e808792fbb56cdb46facf318730c5a6dd66067c871cae7","/img/1.dad4089d.png":"77e56a147f39c7a34398bcce2c9bd202f8e625fd66e83391e4229361e1475615","/img/logo/сладости-Дизигн/Group.svg":"259a242adbc11b2113174fc1a8b848667f04f0fef3fd6fedfc9a5485b0c170b5","/img/qualityAssurance/2.jpeg":"e0918e99d19395b228ee0e3dbfacdf5d2657ca545761d0a712434e08924bf7f9","/img/qualityAssurance/1.jpeg":"a6aece04cc1be7f04362e701969469bdc5e4b0ab3c0cf15be96fd86a5835fd56","/img/2.d5416c11.png":"1ddcaf33d59c199bc21cf9622ddc0fc58eb2f8cfb03bb9016d9317d253fd74d8","/js/app.2e5668ed.js.map":"39e619c054bf0188c2629db9d5886115d66be4a4064f8080fb017d6a9ee18068","/img/wedding/1/6.png":"6a66c5781c2bc76738a8d789aad01ff8572f55a334533d6ad767e44391a8a1a4","/img/qualityAssurance/3.jpeg":"7caef47abef806111d36839e2c6daa84260560254dca0ca90715575efa206617","/img/home/4/pink.png":"ace84ccf89d8ef4a52ece7f73266ba6d7a0e9cb69da86c8beb766862c2a4b4fd","/img/home/4/orange.png":"77e71a08170514eb5c1ce534178b6a2e2b9364e0a51a8b9954f58bdd88f23011","/img/3.5b20d906.png":"5873a76fde41f580a27e984405b193f460b24eaecdd4f785d7d815f6b151d1de","/img/home/4/turquoise.png":"d90a9568d8e998ac3dd3815982c5f017ea7934a8cad768dcf8c98e6ca53483cf","/img/home/4/holiday.png":"65877e6692623ffbc994986af90797d89509e14dcbeef6e15068b37b32d2c253","/img/error/1/6.png":"ffe03e51adbf07a8bea3872dc8b92b582d72a977be24a07868e68fba6f952815","/img/home/7/3.jpeg":"668062a00ebe7e101830d28ae40208fa0dc0cb7d30849872272adfaaef9d2e24","/img/home/7/4.jpeg":"0f347d33f6cde6917a5ea978b2107615b3c49893c9afd88bda8d8027654271e3","/img/error/1/5.png":"0da12b4d01b0d3112d26182283e055a2c20d952b6f7b3d92bb99301160298a0b","/img/error/1/4.png":"2850f47fa956a7bd17fd138f457d0b59cd6cf884708e0d5e2b825adfc185b746","/img/home/7/2.jpeg":"66f32160d3a0462ca1168d551163ac0de754561c5262c12be1ae3a1c3dbde753","/img/home/7/1.jpeg":"3fb75d512c26da026f289f3f4423d4d325697750a97c7c909a2b3637b558b5fe","/img/home/6/2.jpeg":"55a979c0199d3c2ee54f2de0fc847a33c1363cf7c17db13e8f16901e38584a3c","/img/home/6/1.jpeg":"e4557f75be13e87e992bfd6b61ae5be57b9fe171351ba9cbaab9e996dd769684","/img/error/1/2.png":"c49c24d126a278cb6788b9dc7938a48ee2d5a399fb40461d2f70135d6337ddbb","/img/home/3/1.jpeg":"d2e5ab0f4d44f7d93ecf309cbea471bd1f93ee0e8409ff1654ca0250390d2601","/img/home/3/2.jpeg":"e9a257e11c7a6b4005dca927a5f21d60bb72462d99f656e2e48183e184ed5820","/img/home/3/3.jpeg":"3ac2e7f8c0f9f3a90c314750d7abfc98d21c73e5d46294258f85ddddf4ab00b6","/img/home/3/4.jpeg":"4f077eb05a022ae1ea865b1b962997e669ad1379a05f84763ecbc01fff7cef63","/img/delivery/fon.png":"e900586143578a48ef52f3c2f3b6bb7116e3066b96fa07328d9c9a2bf35dc5e6","/img/home/6/3.jpeg":"447c2f19bf4e813aa2dd5f5b1debf380d01fca33d91549cd9bfeea599fe36b30","/img/delivery/7.png":"d5356500d8d86e8510d963ee81c9e3f2f896528ab227283e3af698db79395231","/img/error/1/3.png":"d1a32c2ad6edba244ef0739caf58583262ca1dac52cea757a77bff46b8a4b848","/img/wedding/1/5.png":"e77722c392416ce14fb7a074cbfea7acb48855cca4540f36550f1090d2c7cd84","/img/home/5/5.jpeg":"c92642d72f7ab333a73232164e61f2dcba7e94ae172491494e7ba48455add34f","/img/home/5/6.jpeg":"7de571f200f6669e2ce0fabcd98b0d11b7cec3272c9ab64c7907e7d0d927451e","/img/error/1/1.png":"77e56a147f39c7a34398bcce2c9bd202f8e625fd66e83391e4229361e1475615","/img/2.bb295654.png":"174cddf25cdd7e72d6b0f9c376fa4c87e73e7b03e9eb2a167bf7adf3706e5d3c","/img/delivery/5.png":"954dda8bd6e643617370e46263cefc87478bd6524b4e213f49b69728be5879e2","/img/home/5/2.jpeg":"01554fbe2699b8da702edfbff7403e12475c82177c037c42170de965b9969414","/img/delivery/2.png":"aa7fee17470f28fdedbfa039908d36b631061b673b7c00a29d050fd70d66a650","/img/delivery/1.png":"ba67b2c7b9d35a14736d228edeb6d8dec825ec74671e05a696bc0963ce25901f","/img/home/5/3.jpeg":"f61cd77b03e4b9b992a027554fcf90caccf72996cd6220e903f58ea3a1813722","/img/home/5/1.jpeg":"51572304310ef6eddb4037c2dcde85de9638203ed225a819ec8ca84dac9becb4","/img/home/5/4.jpeg":"f080cd54e7b5f6f6cbac00f20dd8d6ad8b7f4eac1a6ca197bad9c8d2ebcf4d23","/img/dessertСatalog/2.png":"dd7357455aeb88d833e808792fbb56cdb46facf318730c5a6dd66067c871cae7","/img/corporateGifts/1/5.png":"633be51165d19baf5fd599c8f68c48e8bccf9408d59e816f9d0c3c3c8ca8434b","/img/delivery/4.png":"3364573fa11e6c80fb61b85fe0ff288945e56aeea873492d34a7eb203ec5867e","/img/delivery/3.png":"efae6f17238bc5d98ca4fa50a6c804d6281af368aedb3579f15300412691500a","/img/delivery/6.png":"a52bb7bef2ab1cac7a81bff7615f8d51ba231e5facda08325c39c4a73c014bd3","/img/1.17a76a95.png":"0e4c3dd3b8aa8c999debde2905f3c9f518a9cfce13d4a5e0cebbb8e2d81c6b37","/img/dessertСatalog/4.png":"10483d797d7fdf3c272df7ca057defd76e288c21ae03c4e46e2a6f178ee2aee8","/img/corporateGifts/2/4.png":"40c5a24af6a76de4d7cf77aece3aa69f4247492bb1e32f1717d565e9693681ed","/img/corporateGifts/2/2.png":"5cd02786cd9b0d7c3d482e8d16561e5b01b5c3a99e858c65bed515595b667f27","/img/wedding/1/1.png":"0e4c3dd3b8aa8c999debde2905f3c9f518a9cfce13d4a5e0cebbb8e2d81c6b37","/img/corporateGifts/2/1.png":"cedf99aa0578ead5f530657bf371668973d1e73a1026322bea8e6aaced110820","/img/dessertСatalog/8.png":"bc6e5126daa7a48b8d4e58aeafdb8af79bd0d4f68f9355f3815a61cb62086d86","/img/dessertСatalog/7.png":"61a72fdcf1b5c6b9b06823de713cf729935ab1a86711e8d9fb90c3694c6f951f","/img/dessertСatalog/6.png":"1fd97f307b71f199fbfe3c8a1c1374350a45921d9525a7b6c3c91cc3f30991db","/img/dessertСatalog/5.png":"2ff67c4a439d3090c0a3d27ecb37f4cd4854dce5fd78b60005a9fdaca227e8cc","/imagesFirebase/promotion/photo_4.jpeg":"4f077eb05a022ae1ea865b1b962997e669ad1379a05f84763ecbc01fff7cef63","/imagesFirebase/promotion/photo_2.jpeg":"e9a257e11c7a6b4005dca927a5f21d60bb72462d99f656e2e48183e184ed5820","/imagesFirebase/promotion/photo_1.jpeg":"d2e5ab0f4d44f7d93ecf309cbea471bd1f93ee0e8409ff1654ca0250390d2601","/imagesFirebase/promotion/photo_3.jpeg":"3ac2e7f8c0f9f3a90c314750d7abfc98d21c73e5d46294258f85ddddf4ab00b6","/imagesFirebase/product/photo_4Combo.jpeg":"e192beeb51a8314b31857eaa3dbc63fac745c24ca1e727fb7b10cfec2b306852","/img/corporateGifts/2/3.png":"9c6c13cd0184d85ebad6e5672d62c5b71fc6d2202999de8d022bc2f1f13ef8e6","/img/corporateGifts/1/3.png":"a7c1348662e95430b4602bbc6f4c24ebf7b82b862ae811b6afbca7b4ebeacd39","/imagesFirebase/product/photo_4giftSets.png":"40c5a24af6a76de4d7cf77aece3aa69f4247492bb1e32f1717d565e9693681ed","/imagesFirebase/product/photo_3Combo.jpeg":"21633b2bf995b62f1211027d09c5a742bb7495d1cf3db2538275a02d07f976c6","/imagesFirebase/product/photo_2giftSets.png":"5cd02786cd9b0d7c3d482e8d16561e5b01b5c3a99e858c65bed515595b667f27","/img/corporateGifts/1/4.png":"8044bbca9aecfdbb3cbcba3d74795d042344aafa2cc4cd9de06b00ec0f6da96d","/js/chunk-vendors.0b37cbc4.js":"d77818038566fe4a076c0144680f3a380c94d2d11aad4c7a7de67f3209b9bd01","/img/corporateGifts/1/2.png":"1ddcaf33d59c199bc21cf9622ddc0fc58eb2f8cfb03bb9016d9317d253fd74d8","/img/home/1/2.png":"174cddf25cdd7e72d6b0f9c376fa4c87e73e7b03e9eb2a167bf7adf3706e5d3c","/imagesFirebase/product/photo_2Combo.jpeg":"d5dea3bb17b43aa1fb1cb0e03f07cc0f7677b410ace7884a76980c5ebab0771e","/img/dessertСatalog/3.png":"5873a76fde41f580a27e984405b193f460b24eaecdd4f785d7d815f6b151d1de","/imagesFirebase/product/photo_1Combo.jpeg":"e86d7d01da13a572efc0f6db8d2138669d86dda9da3c1c84e04565d301c3e411","/imagesFirebase/guarantee/photo_1.jpeg":"a6aece04cc1be7f04362e701969469bdc5e4b0ab3c0cf15be96fd86a5835fd56","/fonts/icomoon.e1fb77a2.woff":"cf9a2abb0fafcae37519149c9446ede4fcf62d7e0702b3bd5cbe5d32179fc874","/fonts/icomoon.c7b57a70.ttf":"d6fe833f5d6877c4e174aef6f681a56c93a0a516da85edfb2ebeeded4610a3cb","/imagesFirebase/guarantee/photo_2.jpeg":"e0918e99d19395b228ee0e3dbfacdf5d2657ca545761d0a712434e08924bf7f9","/imagesFirebase/product/photo_6Sets.jpeg":"7de571f200f6669e2ce0fabcd98b0d11b7cec3272c9ab64c7907e7d0d927451e","/imagesFirebase/product/photo_5Sets.jpeg":"c92642d72f7ab333a73232164e61f2dcba7e94ae172491494e7ba48455add34f","/imagesFirebase/product/photo_1giftSets.png":"cedf99aa0578ead5f530657bf371668973d1e73a1026322bea8e6aaced110820","/img/1.461914d3.png":"92dc7ac30bd9d957bf8d198ad64a85378ce51f8adfaf0e4f219377f6a27ce165","/fonts/icomoon.89c9d770.eot":"397ac952d2c6d13e4298604c780e0b6f92200dc4bdc3f970d64bc0cf6fc40e4c","/imagesFirebase/product/photo_3Sets.jpeg":"f61cd77b03e4b9b992a027554fcf90caccf72996cd6220e903f58ea3a1813722","/imagesFirebase/product/photo_3giftSets.png":"9c6c13cd0184d85ebad6e5672d62c5b71fc6d2202999de8d022bc2f1f13ef8e6","/imagesFirebase/news/photo_2.jpeg":"55a979c0199d3c2ee54f2de0fc847a33c1363cf7c17db13e8f16901e38584a3c","/imagesFirebase/guarantee/photo_3.jpeg":"7caef47abef806111d36839e2c6daa84260560254dca0ca90715575efa206617","/imagesFirebase/news/photo_1.jpeg":"e4557f75be13e87e992bfd6b61ae5be57b9fe171351ba9cbaab9e996dd769684","/fontSize/icomoon-v1.0/style.css":"c064a0a7738cf9eafad51ae346998123cb7ca2492febf65160389da6ef0f5c23","/imagesFirebase/conditions/photo_4.jpeg":"0f347d33f6cde6917a5ea978b2107615b3c49893c9afd88bda8d8027654271e3","/imagesFirebase/product/photo_2Sets.jpeg":"01554fbe2699b8da702edfbff7403e12475c82177c037c42170de965b9969414","/imagesFirebase/conditions/photo_3.jpeg":"668062a00ebe7e101830d28ae40208fa0dc0cb7d30849872272adfaaef9d2e24","/imagesFirebase/conditions/photo_2.jpeg":"66f32160d3a0462ca1168d551163ac0de754561c5262c12be1ae3a1c3dbde753","/fontSize/icomoon-v1.0/demo.html":"558cd81fbba0120c265ac418a58c3b4b9a14e6583e8cb4308499d758b7a06621","/imagesFirebase/conditions/photo_1.jpeg":"3fb75d512c26da026f289f3f4423d4d325697750a97c7c909a2b3637b558b5fe","/imagesFirebase/product/photo_4Sets.jpeg":"f080cd54e7b5f6f6cbac00f20dd8d6ad8b7f4eac1a6ca197bad9c8d2ebcf4d23","/fontSize/icomoon-v1.0/Read Me.txt":"a89ce7d687f50296feb81260d65d80cb31d98ffb3c75072356981fc8c992f808","/fontSize/icomoon-v1.0/fonts/icomoon.ttf":"d6fe833f5d6877c4e174aef6f681a56c93a0a516da85edfb2ebeeded4610a3cb","/fontSize/icomoon-v1.0/fonts/icomoon.woff":"cf9a2abb0fafcae37519149c9446ede4fcf62d7e0702b3bd5cbe5d32179fc874","/fontSize/icomoon-v1.0/fonts/icomoon.eot":"397ac952d2c6d13e4298604c780e0b6f92200dc4bdc3f970d64bc0cf6fc40e4c","/fontSize/icomoon-v1.0/demo-files/demo.js":"f70658b61e655ce8acd10e4f7ecd8c4436aaaaf882b1c15ca26ab9b7c9a99653","/fontSize/icomoon-v1.0/demo-files/demo.css":"90c4c7ba7bdfea5f8c07b968b36f81ab55318fe1a91185031c88adf6aec4a055","/imagesFirebase/news/photo_3.jpeg":"447c2f19bf4e813aa2dd5f5b1debf380d01fca33d91549cd9bfeea599fe36b30","/imagesFirebase/completed/photo_2.jpeg":"55a979c0199d3c2ee54f2de0fc847a33c1363cf7c17db13e8f16901e38584a3c","/imagesFirebase/completed/photo_1.jpeg":"e4557f75be13e87e992bfd6b61ae5be57b9fe171351ba9cbaab9e996dd769684","/imagesFirebase/product/photo_1Sets.jpeg":"51572304310ef6eddb4037c2dcde85de9638203ed225a819ec8ca84dac9becb4","/fontSize/icomoon-v1/style.css":"1960d07f9769337de21049578f999c9fb352d03c33d51306193d2ce7dab2d5e4","/imagesFirebase/completed/photo_3.jpeg":"447c2f19bf4e813aa2dd5f5b1debf380d01fca33d91549cd9bfeea599fe36b30","/fontSize/icomoon-v1/fonts/icomoon.woff":"24715b016a9b19f253934a5e11cbf4be2a5fe92f2fdbc678ffd53ceef6ea5ab5","/fontSize/icomoon-v1.0/selection.json":"870a585e7a8711a4f58c38549dc58b3afd97d285bce4b722c963fa0182eb2a67","/fontSize/icomoon-v1/fonts/icomoon.ttf":"b9ae814724d6b6f2ea0ae46aa9714942f7fd7ee5c17153e16dbd689a773ed8ba","/fontSize/icomoon-v1/fonts/icomoon.eot":"53e2a333f3403b9903c1987b97b7b2ff004d3622d42a53b61105a7b2cc7779c2","/fontSize/icomoon-v1.0/fonts/icomoon.svg":"4c4a1ede4926733e3e1d236c6bcb74d26537fdd9d65b0793cea99ccf4ca247bf","/fontSize/icomoon-v1/fonts/icomoon.svg":"59fc36b2f05eb1443df50ae4cabe97f30c1f364884174e0e2cfb8269e70960ea","/contracts/privacy-policy.docx":"e6bd91ae1b3362219cab339cbcb98ee08a2b7514f982f1fd1b29ed11f5d5d069","/contracts/offer-agreement.docx":"2bcae5c619dd805a005a882b4a26c3ef2e68e20bdee6c2d42e562f44155d1abd","/css/app.ab42fd47.css":"406ef0e99675b8895fca3497c41d1900957c1099f915488d0f7e072b5feffa3b","/fontSize/icomoon-v1.0.zip":"4c6f3a465962632209e8f12117f44f16cbdb0c0a93e5bd88cfdf3811c392895f","/img/delivery/8.png":"80e56ca9dfeaee1cf707fab8ab37e83a84941f635b30a21bc367695678084424","/img/1.4b20bd39.png":"89b1d90301975ee1c3fd1a208cccdf3292f82d3289456e0c33c30b4b3f23068f","/img/1.d4aba003.png":"ff856704eecac04d2a0fc234d27cba0b0955c4c34db0938a65d16da99d38da5d","/img/corporateGifts/1/1.png":"92dc7ac30bd9d957bf8d198ad64a85378ce51f8adfaf0e4f219377f6a27ce165","/img/wholesaleSupplies/1/1.png":"ff856704eecac04d2a0fc234d27cba0b0955c4c34db0938a65d16da99d38da5d","/img/dessertСatalog/1.png":"89b1d90301975ee1c3fd1a208cccdf3292f82d3289456e0c33c30b4b3f23068f","/img/1.3dae1fb7.png":"dfe14a86cc23f2d62412da8a85ddf5cb3c797432bbdfa0723bcc97cea6caad94","/img/1.e8186290.png":"85af4fa0a0414c55876bca69a3db57cb966145971da5893a1c01765ed50896fc","/img/wedding/2/1.png":"85af4fa0a0414c55876bca69a3db57cb966145971da5893a1c01765ed50896fc","/img/label.fb49a0e1.png":"1eab92883f2b48f98374ee8968f3a3ed7e4938344842321001f00718ae753581","/img/home/1/1.png":"dfe14a86cc23f2d62412da8a85ddf5cb3c797432bbdfa0723bcc97cea6caad94","/img/auth/label.png":"1eab92883f2b48f98374ee8968f3a3ed7e4938344842321001f00718ae753581","/js/chunk-vendors.0b37cbc4.js.map":"4374995b6d8b4322244c28fb575cba73a34abde1ec390bd58e9d437eb7025191"}}
[debug] [2025-04-02T19:21:29.452Z] <<< [apiv2][status] POST https://firebasehosting.googleapis.com/v1beta1/projects/818877786084/sites/macaronshop-aea3f/versions/b4dab29d7821ef7d:populateFiles 200
[debug] [2025-04-02T19:21:29.452Z] <<< [apiv2][body] POST https://firebasehosting.googleapis.com/v1beta1/projects/818877786084/sites/macaronshop-aea3f/versions/b4dab29d7821ef7d:populateFiles {"uploadRequiredHashes":["b5688a1647158ee0f82c59f2852f918d1fd0e656c720c6d5b89a7e8abfd3db9d","4374995b6d8b4322244c28fb575cba73a34abde1ec390bd58e9d437eb7025191","d77818038566fe4a076c0144680f3a380c94d2d11aad4c7a7de67f3209b9bd01","551d557e0bbfb1aa8bbd2c90e6b0e7d47430abbd11a96e043e99688bb65786d6","406ef0e99675b8895fca3497c41d1900957c1099f915488d0f7e072b5feffa3b","39e619c054bf0188c2629db9d5886115d66be4a4064f8080fb017d6a9ee18068"],"uploadUrl":"https://upload-firebasehosting.googleapis.com/upload/sites/macaronshop-aea3f/versions/b4dab29d7821ef7d/files"}
[debug] [2025-04-02T19:21:29.452Z] Checked if tokens are valid: true, expires at: 1743625285234
[debug] [2025-04-02T19:21:29.452Z] Checked if tokens are valid: true, expires at: 1743625285234
[debug] [2025-04-02T19:21:29.452Z] Checked if tokens are valid: true, expires at: 1743625285234
[debug] [2025-04-02T19:21:29.452Z] Checked if tokens are valid: true, expires at: 1743625285234
[debug] [2025-04-02T19:21:29.452Z] Checked if tokens are valid: true, expires at: 1743625285234
[debug] [2025-04-02T19:21:29.452Z] Checked if tokens are valid: true, expires at: 1743625285234
[debug] [2025-04-02T19:21:29.453Z] Checked if tokens are valid: true, expires at: 1743625285234
[debug] [2025-04-02T19:21:29.453Z] Checked if tokens are valid: true, expires at: 1743625285234
[debug] [2025-04-02T19:21:29.453Z] Checked if tokens are valid: true, expires at: 1743625285234
[debug] [2025-04-02T19:21:29.453Z] Checked if tokens are valid: true, expires at: 1743625285234
[debug] [2025-04-02T19:21:29.453Z] Checked if tokens are valid: true, expires at: 1743625285234
[debug] [2025-04-02T19:21:29.453Z] Checked if tokens are valid: true, expires at: 1743625285234
[debug] [2025-04-02T19:21:29.453Z] >>> [apiv2][query] POST https://upload-firebasehosting.googleapis.com/upload/sites/macaronshop-aea3f/versions/b4dab29d7821ef7d/files/b5688a1647158ee0f82c59f2852f918d1fd0e656c720c6d5b89a7e8abfd3db9d [none]
[debug] [2025-04-02T19:21:29.453Z] >>> [apiv2][body] POST https://upload-firebasehosting.googleapis.com/upload/sites/macaronshop-aea3f/versions/b4dab29d7821ef7d/files/b5688a1647158ee0f82c59f2852f918d1fd0e656c720c6d5b89a7e8abfd3db9d [stream]
[debug] [2025-04-02T19:21:29.455Z] >>> [apiv2][query] POST https://upload-firebasehosting.googleapis.com/upload/sites/macaronshop-aea3f/versions/b4dab29d7821ef7d/files/4374995b6d8b4322244c28fb575cba73a34abde1ec390bd58e9d437eb7025191 [none]
[debug] [2025-04-02T19:21:29.455Z] >>> [apiv2][body] POST https://upload-firebasehosting.googleapis.com/upload/sites/macaronshop-aea3f/versions/b4dab29d7821ef7d/files/4374995b6d8b4322244c28fb575cba73a34abde1ec390bd58e9d437eb7025191 [stream]
[debug] [2025-04-02T19:21:29.456Z] >>> [apiv2][query] POST https://upload-firebasehosting.googleapis.com/upload/sites/macaronshop-aea3f/versions/b4dab29d7821ef7d/files/d77818038566fe4a076c0144680f3a380c94d2d11aad4c7a7de67f3209b9bd01 [none]
[debug] [2025-04-02T19:21:29.456Z] >>> [apiv2][body] POST https://upload-firebasehosting.googleapis.com/upload/sites/macaronshop-aea3f/versions/b4dab29d7821ef7d/files/d77818038566fe4a076c0144680f3a380c94d2d11aad4c7a7de67f3209b9bd01 [stream]
[debug] [2025-04-02T19:21:29.457Z] >>> [apiv2][query] POST https://upload-firebasehosting.googleapis.com/upload/sites/macaronshop-aea3f/versions/b4dab29d7821ef7d/files/551d557e0bbfb1aa8bbd2c90e6b0e7d47430abbd11a96e043e99688bb65786d6 [none]
[debug] [2025-04-02T19:21:29.458Z] >>> [apiv2][body] POST https://upload-firebasehosting.googleapis.com/upload/sites/macaronshop-aea3f/versions/b4dab29d7821ef7d/files/551d557e0bbfb1aa8bbd2c90e6b0e7d47430abbd11a96e043e99688bb65786d6 [stream]
[debug] [2025-04-02T19:21:29.459Z] >>> [apiv2][query] POST https://upload-firebasehosting.googleapis.com/upload/sites/macaronshop-aea3f/versions/b4dab29d7821ef7d/files/406ef0e99675b8895fca3497c41d1900957c1099f915488d0f7e072b5feffa3b [none]
[debug] [2025-04-02T19:21:29.459Z] >>> [apiv2][body] POST https://upload-firebasehosting.googleapis.com/upload/sites/macaronshop-aea3f/versions/b4dab29d7821ef7d/files/406ef0e99675b8895fca3497c41d1900957c1099f915488d0f7e072b5feffa3b [stream]
[debug] [2025-04-02T19:21:29.460Z] >>> [apiv2][query] POST https://upload-firebasehosting.googleapis.com/upload/sites/macaronshop-aea3f/versions/b4dab29d7821ef7d/files/39e619c054bf0188c2629db9d5886115d66be4a4064f8080fb017d6a9ee18068 [none]
[debug] [2025-04-02T19:21:29.460Z] >>> [apiv2][body] POST https://upload-firebasehosting.googleapis.com/upload/sites/macaronshop-aea3f/versions/b4dab29d7821ef7d/files/39e619c054bf0188c2629db9d5886115d66be4a4064f8080fb017d6a9ee18068 [stream]
[debug] [2025-04-02T19:21:29.460Z] [hosting][populate queue][FINAL] {"max":527,"min":527,"avg":527,"active":0,"complete":1,"success":1,"errored":0,"retried":0,"total":1,"elapsed":534}
[debug] [2025-04-02T19:21:29.460Z] [hosting] uploads queued: 6
[debug] [2025-04-02T19:21:31.027Z] <<< [apiv2][status] POST https://upload-firebasehosting.googleapis.com/upload/sites/macaronshop-aea3f/versions/b4dab29d7821ef7d/files/406ef0e99675b8895fca3497c41d1900957c1099f915488d0f7e072b5feffa3b 200
[debug] [2025-04-02T19:21:31.027Z] <<< [apiv2][body] POST https://upload-firebasehosting.googleapis.com/upload/sites/macaronshop-aea3f/versions/b4dab29d7821ef7d/files/406ef0e99675b8895fca3497c41d1900957c1099f915488d0f7e072b5feffa3b [stream]
[debug] [2025-04-02T19:21:31.112Z] <<< [apiv2][status] POST https://upload-firebasehosting.googleapis.com/upload/sites/macaronshop-aea3f/versions/b4dab29d7821ef7d/files/b5688a1647158ee0f82c59f2852f918d1fd0e656c720c6d5b89a7e8abfd3db9d 200
[debug] [2025-04-02T19:21:31.112Z] <<< [apiv2][body] POST https://upload-firebasehosting.googleapis.com/upload/sites/macaronshop-aea3f/versions/b4dab29d7821ef7d/files/b5688a1647158ee0f82c59f2852f918d1fd0e656c720c6d5b89a7e8abfd3db9d [stream]
[debug] [2025-04-02T19:21:31.257Z] <<< [apiv2][status] POST https://upload-firebasehosting.googleapis.com/upload/sites/macaronshop-aea3f/versions/b4dab29d7821ef7d/files/39e619c054bf0188c2629db9d5886115d66be4a4064f8080fb017d6a9ee18068 200
[debug] [2025-04-02T19:21:31.258Z] <<< [apiv2][body] POST https://upload-firebasehosting.googleapis.com/upload/sites/macaronshop-aea3f/versions/b4dab29d7821ef7d/files/39e619c054bf0188c2629db9d5886115d66be4a4064f8080fb017d6a9ee18068 [stream]
[debug] [2025-04-02T19:21:31.287Z] <<< [apiv2][status] POST https://upload-firebasehosting.googleapis.com/upload/sites/macaronshop-aea3f/versions/b4dab29d7821ef7d/files/551d557e0bbfb1aa8bbd2c90e6b0e7d47430abbd11a96e043e99688bb65786d6 200
[debug] [2025-04-02T19:21:31.287Z] <<< [apiv2][body] POST https://upload-firebasehosting.googleapis.com/upload/sites/macaronshop-aea3f/versions/b4dab29d7821ef7d/files/551d557e0bbfb1aa8bbd2c90e6b0e7d47430abbd11a96e043e99688bb65786d6 [stream]
[debug] [2025-04-02T19:21:31.565Z] <<< [apiv2][status] POST https://upload-firebasehosting.googleapis.com/upload/sites/macaronshop-aea3f/versions/b4dab29d7821ef7d/files/4374995b6d8b4322244c28fb575cba73a34abde1ec390bd58e9d437eb7025191 200
[debug] [2025-04-02T19:21:31.565Z] <<< [apiv2][body] POST https://upload-firebasehosting.googleapis.com/upload/sites/macaronshop-aea3f/versions/b4dab29d7821ef7d/files/4374995b6d8b4322244c28fb575cba73a34abde1ec390bd58e9d437eb7025191 [stream]
[debug] [2025-04-02T19:21:31.888Z] <<< [apiv2][status] POST https://upload-firebasehosting.googleapis.com/upload/sites/macaronshop-aea3f/versions/b4dab29d7821ef7d/files/d77818038566fe4a076c0144680f3a380c94d2d11aad4c7a7de67f3209b9bd01 200
[debug] [2025-04-02T19:21:31.889Z] <<< [apiv2][body] POST https://upload-firebasehosting.googleapis.com/upload/sites/macaronshop-aea3f/versions/b4dab29d7821ef7d/files/d77818038566fe4a076c0144680f3a380c94d2d11aad4c7a7de67f3209b9bd01 [stream]
[debug] [2025-04-02T19:21:31.889Z] [hosting][upload queue][FINAL] {"max":2437,"min":1574,"avg":1904.1666666666667,"active":0,"complete":6,"success":6,"errored":0,"retried":0,"total":6,"elapsed":2437}
[info] ✔  hosting[macaronshop-aea3f]: file upload complete 
[debug] [2025-04-02T19:21:31.892Z] [hosting] deploy completed after 3237ms
[debug] [2025-04-02T19:21:31.892Z] [
  {
    "config": {
      "public": "dist",
      "ignore": [
        "firebase.json",
        "**/.*",
        "**/node_modules/**"
      ],
      "rewrites": [
        {
          "source": "**",
          "destination": "/index.html"
        }
      ],
      "site": "macaronshop-aea3f"
    },
    "version": "projects/818877786084/sites/macaronshop-aea3f/versions/b4dab29d7821ef7d"
  }
]
[info] i  hosting[macaronshop-aea3f]: finalizing version... 
[debug] [2025-04-02T19:21:31.894Z] Checked if tokens are valid: true, expires at: 1743625285234
[debug] [2025-04-02T19:21:31.894Z] Checked if tokens are valid: true, expires at: 1743625285234
[debug] [2025-04-02T19:21:31.894Z] >>> [apiv2][query] PATCH https://firebasehosting.googleapis.com/v1beta1/projects/-/sites/macaronshop-aea3f/versions/b4dab29d7821ef7d updateMask=status%2Cconfig
[debug] [2025-04-02T19:21:31.894Z] >>> [apiv2][body] PATCH https://firebasehosting.googleapis.com/v1beta1/projects/-/sites/macaronshop-aea3f/versions/b4dab29d7821ef7d {"status":"FINALIZED","config":{"rewrites":[{"glob":"**","path":"/index.html"}]}}
[debug] [2025-04-02T19:21:32.189Z] <<< [apiv2][status] PATCH https://firebasehosting.googleapis.com/v1beta1/projects/-/sites/macaronshop-aea3f/versions/b4dab29d7821ef7d 200
[debug] [2025-04-02T19:21:32.190Z] <<< [apiv2][body] PATCH https://firebasehosting.googleapis.com/v1beta1/projects/-/sites/macaronshop-aea3f/versions/b4dab29d7821ef7d {"name":"projects/818877786084/sites/macaronshop-aea3f/versions/b4dab29d7821ef7d","status":"FINALIZED","config":{"rewrites":[{"glob":"**","path":"/index.html"}]},"labels":{"deployment-tool":"cli-firebase"},"createTime":"2025-04-02T19:21:28.352333Z","createUser":{"email":"kirillkoskov437@gmail.com"},"finalizeTime":"2025-04-02T19:21:32.183632Z","finalizeUser":{"email":"kirillkoskov437@gmail.com"}}
[debug] [2025-04-02T19:21:32.190Z] [hosting] finalized version for macaronshop-aea3f:[object Object]
[info] ✔  hosting[macaronshop-aea3f]: version finalized 
[info] i  hosting[macaronshop-aea3f]: releasing new version... 
[debug] [2025-04-02T19:21:32.190Z] Checked if tokens are valid: true, expires at: 1743625285234
[debug] [2025-04-02T19:21:32.190Z] Checked if tokens are valid: true, expires at: 1743625285234
[debug] [2025-04-02T19:21:32.191Z] >>> [apiv2][query] POST https://firebasehosting.googleapis.com/v1beta1/projects/-/sites/macaronshop-aea3f/channels/live/releases versionName=projects%2F818877786084%2Fsites%2Fmacaronshop-aea3f%2Fversions%2Fb4dab29d7821ef7d
[debug] [2025-04-02T19:21:32.191Z] >>> [apiv2][body] POST https://firebasehosting.googleapis.com/v1beta1/projects/-/sites/macaronshop-aea3f/channels/live/releases {}
[debug] [2025-04-02T19:21:32.536Z] <<< [apiv2][status] POST https://firebasehosting.googleapis.com/v1beta1/projects/-/sites/macaronshop-aea3f/channels/live/releases 200
[debug] [2025-04-02T19:21:32.536Z] <<< [apiv2][body] POST https://firebasehosting.googleapis.com/v1beta1/projects/-/sites/macaronshop-aea3f/channels/live/releases {"name":"projects/818877786084/sites/macaronshop-aea3f/channels/live/releases/1743621691975000","version":{"name":"projects/818877786084/sites/macaronshop-aea3f/versions/b4dab29d7821ef7d","status":"FINALIZED","config":{"rewrites":[{"glob":"**","path":"/index.html"}]},"labels":{"deployment-tool":"cli-firebase"},"createTime":"2025-04-02T19:21:28.352333Z","createUser":{"email":"kirillkoskov437@gmail.com","imageUrl":"https://lh3.googleusercontent.com/a/ACg8ocLklUJyTGraWVxF7PPW3OvwxbSQxeKckw0RdmFV5XB7HNZCpkEW"},"finalizeTime":"2025-04-02T19:21:32.183632Z","finalizeUser":{"email":"kirillkoskov437@gmail.com","imageUrl":"https://lh3.googleusercontent.com/a/ACg8ocLklUJyTGraWVxF7PPW3OvwxbSQxeKckw0RdmFV5XB7HNZCpkEW"}},"type":"DEPLOY","releaseTime":"2025-04-02T19:21:31.975Z","releaseUser":{"email":"kirillkoskov437@gmail.com","imageUrl":"https://lh3.googleusercontent.com/a/ACg8ocLklUJyTGraWVxF7PPW3OvwxbSQxeKckw0RdmFV5XB7HNZCpkEW"}}
[debug] [2025-04-02T19:21:32.536Z] [hosting] release: {"name":"projects/818877786084/sites/macaronshop-aea3f/channels/live/releases/1743621691975000","version":{"name":"projects/818877786084/sites/macaronshop-aea3f/versions/b4dab29d7821ef7d","status":"FINALIZED","config":{"rewrites":[{"glob":"**","path":"/index.html"}]},"labels":{"deployment-tool":"cli-firebase"},"createTime":"2025-04-02T19:21:28.352333Z","createUser":{"email":"kirillkoskov437@gmail.com","imageUrl":"https://lh3.googleusercontent.com/a/ACg8ocLklUJyTGraWVxF7PPW3OvwxbSQxeKckw0RdmFV5XB7HNZCpkEW"},"finalizeTime":"2025-04-02T19:21:32.183632Z","finalizeUser":{"email":"kirillkoskov437@gmail.com","imageUrl":"https://lh3.googleusercontent.com/a/ACg8ocLklUJyTGraWVxF7PPW3OvwxbSQxeKckw0RdmFV5XB7HNZCpkEW"}},"type":"DEPLOY","releaseTime":"2025-04-02T19:21:31.975Z","releaseUser":{"email":"kirillkoskov437@gmail.com","imageUrl":"https://lh3.googleusercontent.com/a/ACg8ocLklUJyTGraWVxF7PPW3OvwxbSQxeKckw0RdmFV5XB7HNZCpkEW"}}
[info] ✔  hosting[macaronshop-aea3f]: release complete 
[info] 
[info] ✔  Deploy complete! 
[info] 
[info] Project Console: https://console.firebase.google.com/project/macaronshop-aea3f/overview
[info] Hosting URL: https://macaronshop-aea3f.web.app
[debug] [2025-04-02T19:21:38.111Z] Error: Timed out.
    at Timeout._onTimeout (/Users/kirill/.npm-global/lib/node_modules/firebase-tools/lib/utils.js:269:49)
    at listOnTimeout (node:internal/timers:594:17)
    at process.processTimers (node:internal/timers:529:7)
[error] 
[error] Error: An unexpected error has occurred.
